<?xml version="1.0" encoding="UTF-8"?>
<!-- Generated by org.testng.reporters.JUnitReportReporter -->
<testsuite hostname="DESKTOP-OBJR7RF" failures="0" tests="1" name="com.MyFirstMaven.Testcase2" time="7.491" errors="0" timestamp="2022-12-07T12:23:04 EST" skipped="0">
  <testcase classname="com.MyFirstMaven.Testcase2" name="Test2" time="7.491"/>
  <system-out/>
</testsuite> <!-- com.MyFirstMaven.Testcase2 -->
